Arguments: 
  C:\Program Files\nodejs\node.exe C:\Users\Admin\AppData\Roaming\npm\node_modules\yarn\bin\yarn.js add jest-environment-enzyme jest-enzyme enzyme-adapter-react-16 --dev

PATH: 
  C:\WINDOWS\system32;C:\WINDOWS;C:\WINDOWS\System32\Wbem;C:\WINDOWS\System32\WindowsPowerShell\v1.0\;C:\WINDOWS\System32\OpenSSH\;C:\Programs\MySQL\bin;C:\Program Files (x86)\Calibre2\;C:\Program Files\PuTTY\;C:\Program Files\nodejs\;C:\Program Files\Microsoft VS Code\bin;C:\Program Files\Git\cmd;C:\Users\Admin\AppData\Local\Programs\Python\Python38-32\Scripts\;C:\Users\Admin\AppData\Local\Programs\Python\Python38-32\;C:\Users\Admin\AppData\Local\Microsoft\WindowsApps;C:\Users\Admin\AppData\Roaming\npm

Yarn version: 
  1.22.17

Node version: 
  14.17.6

Platform: 
  win32 x64

Trace: 
  Error: https://registry.yarnpkg.com/core-js/-/core-js-2.6.12.tgz: ESOCKETTIMEDOUT
      at ClientRequest.<anonymous> (C:\Users\Admin\AppData\Roaming\npm\node_modules\yarn\lib\cli.js:141510:19)
      at Object.onceWrapper (events.js:519:28)
      at ClientRequest.emit (events.js:400:28)
      at TLSSocket.emitRequestTimeout (_http_client.js:790:9)
      at Object.onceWrapper (events.js:519:28)
      at TLSSocket.emit (events.js:412:35)
      at TLSSocket.Socket._onTimeout (net.js:484:8)
      at listOnTimeout (internal/timers.js:557:17)
      at processTimers (internal/timers.js:500:7)

npm manifest: 
  {
    "name": "slider",
    "version": "1.0.0",
    "description": "",
    "type": "module",
    "main": "index.js",
    "dependencies": {
      "parcel-bundler": "^1.12.5"
    },
    "devDependencies": {
      "@babel/plugin-transform-modules-commonjs": "^7.16.5",
      "@babel/preset-env": "^7.16.5",
      "babel-cli": "^6.26.0",
      "babel-core": "^6.26.3",
      "babel-plugin-add-module-exports": "^1.0.4",
      "babel-preset-es2015": "^6.24.1",
      "jest": "^27.4.7",
      "react": "^17.0.2",
      "react-dom": "^17.0.2",
      "typescript": "^4.5.4"
    },
    "scripts": {
      "test": "jest --env=jsdom"
    },
    "jest": {
      "collectCoverage": true,
      "coverageReporters": [
        "html"
      ]
    },
    "repository": {
      "type": "git",
      "url": "git+https://github.com/ZubrD/slider.git"
    },
    "author": "",
    "license": "ISC",
    "bugs": {
      "url": "https://github.com/ZubrD/slider/issues"
    },
    "homepage": "https://github.com/ZubrD/slider#readme"
  }

yarn manifest: 
  No manifest

Lockfile: 
  No lockfile
